  
  C:\Users\afeka\Desktop\K-MEANS_ParallelProject\K-MEANS_Parallel\K-MEANS_Parallel>"C:\Program Files\NVIDIA GPU Computing Toolkit\CUDA\v8.0\bin\nvcc.exe" -ccbin "C:\Program Files (x86)\Microsoft Visual Studio 14.0\VC\bin\x86_amd64"  -I"C:\Program Files\MPICH2\include" -I"C:\Program Files\NVIDIA GPU Computing Toolkit\CUDA\v8.0\include" -I"C:\Program Files\NVIDIA GPU Computing Toolkit\CUDA\v8.0\include"  -G   --keep-dir x64\Debug -maxrregcount=0  --machine 64 --compile   -g   -DWIN32 -DWIN64 -D_DEBUG -D_CONSOLE -D_MBCS -Xcompiler "/EHsc /W3 /nologo /Od /FS /Zi /RTC1 /MDd " -o x64\Debug\kernel.cu.obj "C:\Users\afeka\Desktop\K-MEANS_ParallelProject\K-MEANS_Parallel\K-MEANS_Parallel\kernel.cu" -clean 
CUDACOMPILE : nvcc warning : The 'compute_20', 'sm_20', and 'sm_21' architectures are deprecated, and may be removed in a future release (Use -Wno-deprecated-gpu-targets to suppress warning).
  kernel.cu
  Compiling CUDA source file kernel.cu...
  
  C:\Users\afeka\Desktop\K-MEANS_ParallelProject\K-MEANS_Parallel\K-MEANS_Parallel>"C:\Program Files\NVIDIA GPU Computing Toolkit\CUDA\v8.0\bin\nvcc.exe" -gencode=arch=compute_20,code=\"sm_20,compute_20\" --use-local-env --cl-version 2015 -ccbin "C:\Program Files (x86)\Microsoft Visual Studio 14.0\VC\bin\x86_amd64"  -I"C:\Program Files\MPICH2\include" -I"C:\Program Files\NVIDIA GPU Computing Toolkit\CUDA\v8.0\include" -I"C:\Program Files\NVIDIA GPU Computing Toolkit\CUDA\v8.0\include"  -G   --keep-dir x64\Debug -maxrregcount=0  --machine 64 --compile -cudart static  -g   -DWIN32 -DWIN64 -D_DEBUG -D_CONSOLE -D_MBCS -Xcompiler "/EHsc /W3 /nologo /Od /FS /Zi /RTC1 /MDd " -o x64\Debug\kernel.cu.obj "C:\Users\afeka\Desktop\K-MEANS_ParallelProject\K-MEANS_Parallel\K-MEANS_Parallel\kernel.cu" 
c:\program files\mpich2\include\mpicxx.h(409): warning : expression has no effect
c:\program files\mpich2\include\mpicxx.h(409): warning : expression has no effect
c:\program files\mpich2\include\mpicxx.h(409): warning : expression has no effect
c:\program files\mpich2\include\mpicxx.h(409): warning : expression has no effect
c:\program files\mpich2\include\mpicxx.h(409): warning : expression has no effect
c:\program files\mpich2\include\mpicxx.h(410): warning : expression has no effect
c:\program files\mpich2\include\mpicxx.h(410): warning : expression has no effect
c:\program files\mpich2\include\mpicxx.h(410): warning : expression has no effect
c:\program files\mpich2\include\mpicxx.h(410): warning : expression has no effect
c:\program files\mpich2\include\mpicxx.h(411): warning : expression has no effect
c:\program files\mpich2\include\mpicxx.h(411): warning : expression has no effect
c:\program files\mpich2\include\mpicxx.h(411): warning : expression has no effect
c:\program files\mpich2\include\mpicxx.h(1471): warning : expression has no effect
c:\program files\mpich2\include\mpicxx.h(1471): warning : expression has no effect
c:\program files\mpich2\include\mpicxx.h(1471): warning : expression has no effect
c:\program files\mpich2\include\mpicxx.h(1471): warning : expression has no effect
c:\program files\mpich2\include\mpicxx.h(1471): warning : expression has no effect
c:\program files\mpich2\include\mpicxx.h(1472): warning : expression has no effect
c:\program files\mpich2\include\mpicxx.h(1472): warning : expression has no effect
c:\program files\mpich2\include\mpicxx.h(1472): warning : expression has no effect
c:\program files\mpich2\include\mpicxx.h(1472): warning : expression has no effect
c:\program files\mpich2\include\mpicxx.h(1473): warning : expression has no effect
c:\program files\mpich2\include\mpicxx.h(1473): warning : expression has no effect
c:\program files\mpich2\include\mpicxx.h(1473): warning : expression has no effect
c:\program files\mpich2\include\mpicxx.h(1904): warning : expression has no effect
c:\program files\mpich2\include\mpicxx.h(1904): warning : expression has no effect
c:\program files\mpich2\include\mpicxx.h(1904): warning : expression has no effect
c:\program files\mpich2\include\mpicxx.h(1904): warning : expression has no effect
c:\program files\mpich2\include\mpicxx.h(1904): warning : expression has no effect
c:\program files\mpich2\include\mpicxx.h(1905): warning : expression has no effect
c:\program files\mpich2\include\mpicxx.h(1905): warning : expression has no effect
c:\program files\mpich2\include\mpicxx.h(1905): warning : expression has no effect
c:\program files\mpich2\include\mpicxx.h(1905): warning : expression has no effect
c:\program files\mpich2\include\mpicxx.h(1906): warning : expression has no effect
c:\program files\mpich2\include\mpicxx.h(1906): warning : expression has no effect
c:\program files\mpich2\include\mpicxx.h(1906): warning : expression has no effect
C:/Users/afeka/Desktop/K-MEANS_ParallelProject/K-MEANS_Parallel/K-MEANS_Parallel/kernel.cu(25): warning : variable "host_tempProducts" was declared but never referenced
C:/Users/afeka/Desktop/K-MEANS_ParallelProject/K-MEANS_Parallel/K-MEANS_Parallel/kernel.cu(56): warning : variable "host_tempClusters" was declared but never referenced
C:/Users/afeka/Desktop/K-MEANS_ParallelProject/K-MEANS_Parallel/K-MEANS_Parallel/kernel.cu(115): warning : variable "prevClusterNum" was declared but never referenced
C:/Users/afeka/Desktop/K-MEANS_ParallelProject/K-MEANS_Parallel/K-MEANS_Parallel/kernel.cu(138): warning : variable "i" was declared but never referenced
C:/Users/afeka/Desktop/K-MEANS_ParallelProject/K-MEANS_Parallel/K-MEANS_Parallel/kernel.cu(138): warning : variable "j" was declared but never referenced
c:\program files\mpich2\include\mpicxx.h(409): warning : expression has no effect
c:\program files\mpich2\include\mpicxx.h(409): warning : expression has no effect
c:\program files\mpich2\include\mpicxx.h(409): warning : expression has no effect
c:\program files\mpich2\include\mpicxx.h(409): warning : expression has no effect
c:\program files\mpich2\include\mpicxx.h(409): warning : expression has no effect
c:\program files\mpich2\include\mpicxx.h(410): warning : expression has no effect
c:\program files\mpich2\include\mpicxx.h(410): warning : expression has no effect
c:\program files\mpich2\include\mpicxx.h(410): warning : expression has no effect
c:\program files\mpich2\include\mpicxx.h(410): warning : expression has no effect
c:\program files\mpich2\include\mpicxx.h(411): warning : expression has no effect
c:\program files\mpich2\include\mpicxx.h(411): warning : expression has no effect
c:\program files\mpich2\include\mpicxx.h(411): warning : expression has no effect
c:\program files\mpich2\include\mpicxx.h(1471): warning : expression has no effect
c:\program files\mpich2\include\mpicxx.h(1471): warning : expression has no effect
c:\program files\mpich2\include\mpicxx.h(1471): warning : expression has no effect
c:\program files\mpich2\include\mpicxx.h(1471): warning : expression has no effect
c:\program files\mpich2\include\mpicxx.h(1471): warning : expression has no effect
c:\program files\mpich2\include\mpicxx.h(1472): warning : expression has no effect
c:\program files\mpich2\include\mpicxx.h(1472): warning : expression has no effect
c:\program files\mpich2\include\mpicxx.h(1472): warning : expression has no effect
c:\program files\mpich2\include\mpicxx.h(1472): warning : expression has no effect
c:\program files\mpich2\include\mpicxx.h(1473): warning : expression has no effect
c:\program files\mpich2\include\mpicxx.h(1473): warning : expression has no effect
c:\program files\mpich2\include\mpicxx.h(1473): warning : expression has no effect
c:\program files\mpich2\include\mpicxx.h(1904): warning : expression has no effect
c:\program files\mpich2\include\mpicxx.h(1904): warning : expression has no effect
c:\program files\mpich2\include\mpicxx.h(1904): warning : expression has no effect
c:\program files\mpich2\include\mpicxx.h(1904): warning : expression has no effect
c:\program files\mpich2\include\mpicxx.h(1904): warning : expression has no effect
c:\program files\mpich2\include\mpicxx.h(1905): warning : expression has no effect
c:\program files\mpich2\include\mpicxx.h(1905): warning : expression has no effect
c:\program files\mpich2\include\mpicxx.h(1905): warning : expression has no effect
c:\program files\mpich2\include\mpicxx.h(1905): warning : expression has no effect
c:\program files\mpich2\include\mpicxx.h(1906): warning : expression has no effect
c:\program files\mpich2\include\mpicxx.h(1906): warning : expression has no effect
c:\program files\mpich2\include\mpicxx.h(1906): warning : expression has no effect
C:/Users/afeka/Desktop/K-MEANS_ParallelProject/K-MEANS_Parallel/K-MEANS_Parallel/kernel.cu(25): warning : variable "host_tempProducts" was declared but never referenced
C:/Users/afeka/Desktop/K-MEANS_ParallelProject/K-MEANS_Parallel/K-MEANS_Parallel/kernel.cu(56): warning : variable "host_tempClusters" was declared but never referenced
C:/Users/afeka/Desktop/K-MEANS_ParallelProject/K-MEANS_Parallel/K-MEANS_Parallel/kernel.cu(115): warning : variable "prevClusterNum" was declared but never referenced
C:/Users/afeka/Desktop/K-MEANS_ParallelProject/K-MEANS_Parallel/K-MEANS_Parallel/kernel.cu(138): warning : variable "i" was declared but never referenced
C:/Users/afeka/Desktop/K-MEANS_ParallelProject/K-MEANS_Parallel/K-MEANS_Parallel/kernel.cu(138): warning : variable "j" was declared but never referenced
CUDACOMPILE : nvcc warning : The 'compute_20', 'sm_20', and 'sm_21' architectures are deprecated, and may be removed in a future release (Use -Wno-deprecated-gpu-targets to suppress warning).
  kernel.cu
C:/Users/afeka/Desktop/K-MEANS_ParallelProject/K-MEANS_Parallel/K-MEANS_Parallel/kernel.cu(138): warning C4101: 'j': unreferenced local variable
C:/Users/afeka/Desktop/K-MEANS_ParallelProject/K-MEANS_Parallel/K-MEANS_Parallel/kernel.cu(138): warning C4101: 'i': unreferenced local variable
  K-MEANS.cpp
c:\users\afeka\desktop\k-means_parallelproject\k-means_parallel\k-means_parallel\k-means.cpp(43): warning C4996: 'fopen': This function or variable may be unsafe. Consider using fopen_s instead. To disable deprecation, use _CRT_SECURE_NO_WARNINGS. See online help for details.
  c:\program files (x86)\windows kits\10\include\10.0.10240.0\ucrt\stdio.h(205): note: see declaration of 'fopen'
c:\users\afeka\desktop\k-means_parallelproject\k-means_parallel\k-means_parallel\k-means.cpp(98): warning C4996: 'fopen': This function or variable may be unsafe. Consider using fopen_s instead. To disable deprecation, use _CRT_SECURE_NO_WARNINGS. See online help for details.
  c:\program files (x86)\windows kits\10\include\10.0.10240.0\ucrt\stdio.h(205): note: see declaration of 'fopen'
c:\users\afeka\desktop\k-means_parallelproject\k-means_parallel\k-means_parallel\k-means.cpp(14): warning C4101: 'qualityAchived': unreferenced local variable
c:\users\afeka\desktop\k-means_parallelproject\k-means_parallel\k-means_parallel\k-means.cpp(14): warning C4101: 'iteration': unreferenced local variable
c:\users\afeka\desktop\k-means_parallelproject\k-means_parallel\k-means_parallel\k-means.cpp(35): warning C4101: 'j': unreferenced local variable
c:\users\afeka\desktop\k-means_parallelproject\k-means_parallel\k-means_parallel\k-means.cpp(107): warning C4101: 'j': unreferenced local variable
c:\users\afeka\desktop\k-means_parallelproject\k-means_parallel\k-means_parallel\k-means.cpp(107): warning C4101: 'i': unreferenced local variable
c:\users\afeka\desktop\k-means_parallelproject\k-means_parallel\k-means_parallel\k-means.cpp(134): warning C4996: 'fscanf': This function or variable may be unsafe. Consider using fscanf_s instead. To disable deprecation, use _CRT_SECURE_NO_WARNINGS. See online help for details.
  c:\program files (x86)\windows kits\10\include\10.0.10240.0\ucrt\stdio.h(1193): note: see declaration of 'fscanf'
c:\users\afeka\desktop\k-means_parallelproject\k-means_parallel\k-means_parallel\k-means.cpp(142): warning C4996: 'fscanf': This function or variable may be unsafe. Consider using fscanf_s instead. To disable deprecation, use _CRT_SECURE_NO_WARNINGS. See online help for details.
  c:\program files (x86)\windows kits\10\include\10.0.10240.0\ucrt\stdio.h(1193): note: see declaration of 'fscanf'
c:\users\afeka\desktop\k-means_parallelproject\k-means_parallel\k-means_parallel\k-means.cpp(133): warning C4101: 'chars': unreferenced local variable
c:\users\afeka\desktop\k-means_parallelproject\k-means_parallel\k-means_parallel\k-means.cpp(240): warning C4101: 'distanceToOtherCluster': unreferenced local variable
c:\users\afeka\desktop\k-means_parallelproject\k-means_parallel\k-means_parallel\k-means.cpp(239): warning C4101: 'currentClusterDiamameter': unreferenced local variable
c:\users\afeka\desktop\k-means_parallelproject\k-means_parallel\k-means_parallel\k-means.cpp(237): warning C4101: 'j': unreferenced local variable
c:\users\afeka\desktop\k-means_parallelproject\k-means_parallel\k-means_parallel\k-means.cpp(331): warning C4101: 'j': unreferenced local variable
c:\users\afeka\desktop\k-means_parallelproject\k-means_parallel\k-means_parallel\k-means.cpp(331): warning C4101: 'i': unreferenced local variable
c:\users\afeka\desktop\k-means_parallelproject\k-means_parallel\k-means_parallel\k-means.cpp(361): warning C4101: 'j': unreferenced local variable
c:\users\afeka\desktop\k-means_parallelproject\k-means_parallel\k-means_parallel\k-means.cpp(361): warning C4101: 'i': unreferenced local variable
c:\users\afeka\desktop\k-means_parallelproject\k-means_parallel\k-means_parallel\k-means.cpp(466): warning C4101: 'j': unreferenced local variable
  K-MEANS_Parallel.vcxproj -> C:\Users\afeka\Desktop\K-MEANS_ParallelProject\K-MEANS_Parallel\x64\Debug\K-MEANS_Parallel.exe
  K-MEANS_Parallel.vcxproj -> C:\Users\afeka\Desktop\K-MEANS_ParallelProject\K-MEANS_Parallel\x64\Debug\K-MEANS_Parallel.pdb (Full PDB)
  copy "C:\Program Files\NVIDIA GPU Computing Toolkit\CUDA\v8.0\bin\cudart*.dll" "C:\Users\afeka\Desktop\K-MEANS_ParallelProject\K-MEANS_Parallel\x64\Debug\"
  C:\Program Files\NVIDIA GPU Computing Toolkit\CUDA\v8.0\bin\cudart32_80.dll
  C:\Program Files\NVIDIA GPU Computing Toolkit\CUDA\v8.0\bin\cudart64_80.dll
          2 file(s) copied.
